[2013-12-30 18:16:45] request.INFO: Matched route "test_test_homepage" (parameters: "_controller": "Test\TestBundle\Controller\DefaultController::indexAction", "_route": "test_test_homepage") [] []
[2013-12-30 18:16:45] request.CRITICAL: Uncaught PHP Exception RuntimeException: "Controller "Test\TestBundle\Controller\DefaultController::indexAction()" requires that you provide a value for the "$name" argument (because there is no default value or because there is a non optional argument after this one)." at /var/www/phpunit/vendor/symfony/symfony/src/Symfony/Component/HttpKernel/Controller/ControllerResolver.php line 120 {"exception":"[object] (RuntimeException: Controller \"Test\\TestBundle\\Controller\\DefaultController::indexAction()\" requires that you provide a value for the \"$name\" argument (because there is no default value or because there is a non optional argument after this one). at /var/www/phpunit/vendor/symfony/symfony/src/Symfony/Component/HttpKernel/Controller/ControllerResolver.php:120)"} []
